<?xml version="1.0" encoding="UTF-8"?>
<coverage generated="1597584304538" clover="3.2.0">
  <project timestamp="1597584304538" name="All files">
    <metrics statements="19" coveredstatements="18" conditionals="11" coveredconditionals="11" methods="7" coveredmethods="6" elements="37" coveredelements="35" complexity="0" loc="19" ncloc="19" packages="2" files="2" classes="2"/>
    <package name="components.Alert">
      <metrics statements="1" coveredstatements="0" conditionals="0" coveredconditionals="0" methods="1" coveredmethods="0"/>
      <file name="index.js" path="/home/itsme/projects/LEarN/pythogorus-next/components/Alert/index.js">
        <metrics statements="1" coveredstatements="0" conditionals="0" coveredconditionals="0" methods="1" coveredmethods="0"/>
        <line num="4" count="0" type="stmt"/>
      </file>
    </package>
    <package name="pages">
      <metrics statements="18" coveredstatements="18" conditionals="11" coveredconditionals="11" methods="6" coveredmethods="6"/>
      <file name="index.js" path="/home/itsme/projects/LEarN/pythogorus-next/pages/index.js">
        <metrics statements="18" coveredstatements="18" conditionals="11" coveredconditionals="11" methods="6" coveredmethods="6"/>
        <line num="6" count="12" type="stmt"/>
        <line num="7" count="12" type="stmt"/>
        <line num="8" count="12" type="stmt"/>
        <line num="9" count="12" type="stmt"/>
        <line num="11" count="12" type="stmt"/>
        <line num="12" count="3" type="cond" truecount="5" falsecount="0"/>
        <line num="13" count="1" type="stmt"/>
        <line num="15" count="2" type="cond" truecount="2" falsecount="0"/>
        <line num="16" count="1" type="stmt"/>
        <line num="18" count="1" type="stmt"/>
        <line num="21" count="12" type="stmt"/>
        <line num="22" count="3" type="cond" truecount="2" falsecount="0"/>
        <line num="23" count="1" type="stmt"/>
        <line num="24" count="2" type="stmt"/>
        <line num="27" count="12" type="stmt"/>
        <line num="38" count="2" type="stmt"/>
        <line num="42" count="2" type="stmt"/>
        <line num="46" count="2" type="stmt"/>
      </file>
    </package>
  </project>
</coverage>
