{"/home/itsme/projects/LEarN/pythogorus-next/components/Alert/index.js": {"path":"/home/itsme/projects/LEarN/pythogorus-next/components/Alert/index.js","statementMap":{"0":{"start":{"line":4,"column":2},"end":{"line":20,"column":4}}},"fnMap":{"0":{"name":"Alert","decl":{"start":{"line":3,"column":9},"end":{"line":3,"column":14}},"loc":{"start":{"line":3,"column":22},"end":{"line":21,"column":1}},"line":3}},"branchMap":{},"s":{"0":0},"f":{"0":0},"b":{},"_coverageSchema":"1a1c01bbd47fc00a2c39e90264f33305004495a9","hash":"83e92473b7eea4bd021fe24e012093011c0c0b19"}
,"/home/itsme/projects/LEarN/pythogorus-next/pages/index.js": {"path":"/home/itsme/projects/LEarN/pythogorus-next/pages/index.js","statementMap":{"0":{"start":{"line":6,"column":28},"end":{"line":6,"column":39}},"1":{"start":{"line":7,"column":28},"end":{"line":7,"column":39}},"2":{"start":{"line":8,"column":28},"end":{"line":8,"column":39}},"3":{"start":{"line":9,"column":36},"end":{"line":9,"column":51}},"4":{"start":{"line":11,"column":26},"end":{"line":19,"column":3}},"5":{"start":{"line":12,"column":4},"end":{"line":14,"column":5}},"6":{"start":{"line":13,"column":6},"end":{"line":13,"column":19}},"7":{"start":{"line":15,"column":4},"end":{"line":17,"column":5}},"8":{"start":{"line":16,"column":6},"end":{"line":16,"column":18}},"9":{"start":{"line":18,"column":4},"end":{"line":18,"column":17}},"10":{"start":{"line":21,"column":18},"end":{"line":25,"column":3}},"11":{"start":{"line":22,"column":4},"end":{"line":24,"column":32}},"12":{"start":{"line":23,"column":6},"end":{"line":23,"column":74}},"13":{"start":{"line":24,"column":11},"end":{"line":24,"column":32}},"14":{"start":{"line":27,"column":2},"end":{"line":113,"column":4}},"15":{"start":{"line":38,"column":35},"end":{"line":38,"column":63}},"16":{"start":{"line":42,"column":35},"end":{"line":42,"column":63}},"17":{"start":{"line":46,"column":35},"end":{"line":46,"column":63}}},"fnMap":{"0":{"name":"Home","decl":{"start":{"line":5,"column":9},"end":{"line":5,"column":13}},"loc":{"start":{"line":5,"column":21},"end":{"line":114,"column":1}},"line":5},"1":{"name":"(anonymous_1)","decl":{"start":{"line":11,"column":26},"end":{"line":11,"column":27}},"loc":{"start":{"line":11,"column":51},"end":{"line":19,"column":3}},"line":11},"2":{"name":"(anonymous_2)","decl":{"start":{"line":21,"column":18},"end":{"line":21,"column":19}},"loc":{"start":{"line":21,"column":24},"end":{"line":25,"column":3}},"line":21},"3":{"name":"(anonymous_3)","decl":{"start":{"line":38,"column":24},"end":{"line":38,"column":25}},"loc":{"start":{"line":38,"column":35},"end":{"line":38,"column":63}},"line":38},"4":{"name":"(anonymous_4)","decl":{"start":{"line":42,"column":24},"end":{"line":42,"column":25}},"loc":{"start":{"line":42,"column":35},"end":{"line":42,"column":63}},"line":42},"5":{"name":"(anonymous_5)","decl":{"start":{"line":46,"column":24},"end":{"line":46,"column":25}},"loc":{"start":{"line":46,"column":35},"end":{"line":46,"column":63}},"line":46}},"branchMap":{"0":{"loc":{"start":{"line":12,"column":4},"end":{"line":14,"column":5}},"type":"if","locations":[{"start":{"line":12,"column":4},"end":{"line":14,"column":5}},{"start":{"line":12,"column":4},"end":{"line":14,"column":5}}],"line":12},"1":{"loc":{"start":{"line":12,"column":8},"end":{"line":12,"column":46}},"type":"binary-expr","locations":[{"start":{"line":12,"column":8},"end":{"line":12,"column":18}},{"start":{"line":12,"column":22},"end":{"line":12,"column":32}},{"start":{"line":12,"column":36},"end":{"line":12,"column":46}}],"line":12},"2":{"loc":{"start":{"line":15,"column":4},"end":{"line":17,"column":5}},"type":"if","locations":[{"start":{"line":15,"column":4},"end":{"line":17,"column":5}},{"start":{"line":15,"column":4},"end":{"line":17,"column":5}}],"line":15},"3":{"loc":{"start":{"line":22,"column":4},"end":{"line":24,"column":32}},"type":"if","locations":[{"start":{"line":22,"column":4},"end":{"line":24,"column":32}},{"start":{"line":22,"column":4},"end":{"line":24,"column":32}}],"line":22},"4":{"loc":{"start":{"line":53,"column":9},"end":{"line":53,"column":65}},"type":"binary-expr","locations":[{"start":{"line":53,"column":9},"end":{"line":53,"column":16}},{"start":{"line":53,"column":20},"end":{"line":53,"column":65}}],"line":53}},"s":{"0":12,"1":12,"2":12,"3":12,"4":12,"5":3,"6":1,"7":2,"8":1,"9":1,"10":12,"11":3,"12":1,"13":2,"14":12,"15":2,"16":2,"17":2},"f":{"0":12,"1":3,"2":3,"3":2,"4":2,"5":2},"b":{"0":[1,2],"1":[3,2,2],"2":[1,1],"3":[1,2],"4":[12,2]},"_coverageSchema":"1a1c01bbd47fc00a2c39e90264f33305004495a9","hash":"b9fb36c8b39c2c8a2eaa5977de89730a9e6d1ee4"}
}
