TN:
SF:components/Alert/index.js
FN:3,Alert
FNF:1
FNH:0
FNDA:0,Alert
DA:4,0
LF:1
LH:0
BRF:0
BRH:0
end_of_record
TN:
SF:pages/index.js
FN:5,Home
FN:11,(anonymous_1)
FN:21,(anonymous_2)
FN:38,(anonymous_3)
FN:42,(anonymous_4)
FN:46,(anonymous_5)
FNF:6
FNH:6
FNDA:12,Home
FNDA:3,(anonymous_1)
FNDA:3,(anonymous_2)
FNDA:2,(anonymous_3)
FNDA:2,(anonymous_4)
FNDA:2,(anonymous_5)
DA:6,12
DA:7,12
DA:8,12
DA:9,12
DA:11,12
DA:12,3
DA:13,1
DA:15,2
DA:16,1
DA:18,1
DA:21,12
DA:22,3
DA:23,1
DA:24,2
DA:27,12
DA:38,2
DA:42,2
DA:46,2
LF:18
LH:18
BRDA:12,0,0,1
BRDA:12,0,1,2
BRDA:12,1,0,3
BRDA:12,1,1,2
BRDA:12,1,2,2
BRDA:15,2,0,1
BRDA:15,2,1,1
BRDA:22,3,0,1
BRDA:22,3,1,2
BRDA:53,4,0,12
BRDA:53,4,1,2
BRF:11
BRH:11
end_of_record
